# JRE version: OpenJDK Runtime Environment (11.0.11+9) (build 11.0.11+9-b60-7590822)
# Java VM: OpenJDK 64-Bit Server VM (11.0.11+9-b60-7590822, mixed mode, tiered, compressed oops, g1 gc, windows-amd64)
Heap:
 garbage-first heap   total 131072K, used 89382K [0x0000000080000000, 0x0000000100000000)
  region size 1024K, 10 young (10240K), 4 survivors (4096K)
 Metaspace       used 86355K, capacity 88812K, committed 89084K, reserved 1126400K
  class space    used 10912K, capacity 11822K, committed 11904K, reserved 1048576K
GC Heap History (20 events):
Event: 175.431 GC heap before
{Heap before GC invocations=38 (full 0):
 garbage-first heap   total 131072K, used 95851K [0x0000000080000000, 0x0000000100000000)
  region size 1024K, 6 young (6144K), 1 survivors (1024K)
 Metaspace       used 78850K, capacity 81141K, committed 81276K, reserved 1120256K
  class space    used 10051K, capacity 10895K, committed 11008K, reserved 1048576K
}
Event: 175.443 GC heap after
{Heap after GC invocations=39 (full 0):
 garbage-first heap   total 131072K, used 80880K [0x0000000080000000, 0x0000000100000000)
  region size 1024K, 1 young (1024K), 1 survivors (1024K)
 Metaspace       used 78850K, capacity 81141K, committed 81276K, reserved 1120256K
  class space    used 10051K, capacity 10895K, committed 11008K, reserved 1048576K
}
Event: 178.221 GC heap before
{Heap before GC invocations=39 (full 0):
 garbage-first heap   total 131072K, used 100336K [0x0000000080000000, 0x0000000100000000)
  region size 1024K, 21 young (21504K), 1 survivors (1024K)
 Metaspace       used 79036K, capacity 81279K, committed 81532K, reserved 1120256K
  class space    used 10059K, capacity 10896K, committed 11008K, reserved 1048576K
}
Event: 178.230 GC heap after
{Heap after GC invocations=40 (full 0):
 garbage-first heap   total 131072K, used 81975K [0x0000000080000000, 0x0000000100000000)
  region size 1024K, 2 young (2048K), 2 survivors (2048K)
 Metaspace       used 79036K, capacity 81279K, committed 81532K, reserved 1120256K
  class space    used 10059K, capacity 10896K, committed 11008K, reserved 1048576K
}
Event: 180.873 GC heap before
{Heap before GC invocations=41 (full 0):
 garbage-first heap   total 131072K, used 100407K [0x0000000080000000, 0x0000000100000000)
  region size 1024K, 22 young (22528K), 2 survivors (2048K)
 Metaspace       used 80839K, capacity 83160K, committed 83324K, reserved 1122304K
  class space    used 10289K, capacity 11155K, committed 11264K, reserved 1048576K
}
Event: 180.882 GC heap after
{Heap after GC invocations=42 (full 0):
 garbage-first heap   total 131072K, used 81457K [0x0000000080000000, 0x0000000100000000)
  region size 1024K, 2 young (2048K), 2 survivors (2048K)
 Metaspace       used 80839K, capacity 83160K, committed 83324K, reserved 1122304K
  class space    used 10289K, capacity 11155K, committed 11264K, reserved 1048576K
}
Event: 181.120 GC heap before
{Heap before GC invocations=42 (full 0):
 garbage-first heap   total 131072K, used 84529K [0x0000000080000000, 0x0000000100000000)
  region size 1024K, 6 young (6144K), 2 survivors (2048K)
 Metaspace       used 81235K, capacity 83512K, committed 83836K, reserved 1122304K
  class space    used 10344K, capacity 11187K, committed 11264K, reserved 1048576K
}
Event: 181.127 GC heap after
{Heap after GC invocations=43 (full 0):
 garbage-first heap   total 131072K, used 77900K [0x0000000080000000, 0x0000000100000000)
  region size 1024K, 1 young (1024K), 1 survivors (1024K)
 Metaspace       used 81235K, capacity 83512K, committed 83836K, reserved 1122304K
  class space    used 10344K, capacity 11187K, committed 11264K, reserved 1048576K
}
Event: 223.573 GC heap before
{Heap before GC invocations=43 (full 0):
 garbage-first heap   total 131072K, used 101452K [0x0000000080000000, 0x0000000100000000)
  region size 1024K, 24 young (24576K), 1 survivors (1024K)
 Metaspace       used 82554K, capacity 84816K, committed 84988K, reserved 1122304K
  class space    used 10474K, capacity 11306K, committed 11392K, reserved 1048576K
}
Event: 223.584 GC heap after
{Heap after GC invocations=44 (full 0):
 garbage-first heap   total 131072K, used 81264K [0x0000000080000000, 0x0000000100000000)
  region size 1024K, 3 young (3072K), 3 survivors (3072K)
 Metaspace       used 82554K, capacity 84816K, committed 84988K, reserved 1122304K
  class space    used 10474K, capacity 11306K, committed 11392K, reserved 1048576K
}
Event: 224.923 GC heap before
{Heap before GC invocations=45 (full 0):
 garbage-first heap   total 131072K, used 102768K [0x0000000080000000, 0x0000000100000000)
  region size 1024K, 25 young (25600K), 3 survivors (3072K)
 Metaspace       used 82999K, capacity 85232K, committed 85500K, reserved 1124352K
  class space    used 10505K, capacity 11338K, committed 11392K, reserved 1048576K
}
Event: 224.945 GC heap after
{Heap after GC invocations=46 (full 0):
 garbage-first heap   total 131072K, used 82086K [0x0000000080000000, 0x0000000100000000)
  region size 1024K, 2 young (2048K), 2 survivors (2048K)
 Metaspace       used 82999K, capacity 85232K, committed 85500K, reserved 1124352K
  class space    used 10505K, capacity 11338K, committed 11392K, reserved 1048576K
}
Event: 226.089 GC heap before
{Heap before GC invocations=46 (full 0):
 garbage-first heap   total 131072K, used 103590K [0x0000000080000000, 0x0000000100000000)
  region size 1024K, 24 young (24576K), 2 survivors (2048K)
 Metaspace       used 83261K, capacity 85610K, committed 85756K, reserved 1124352K
  class space    used 10526K, capacity 11377K, committed 11392K, reserved 1048576K
}
Event: 226.094 GC heap after
{Heap after GC invocations=47 (full 0):
 garbage-first heap   total 131072K, used 81483K [0x0000000080000000, 0x0000000100000000)
  region size 1024K, 1 young (1024K), 1 survivors (1024K)
 Metaspace       used 83261K, capacity 85610K, committed 85756K, reserved 1124352K
  class space    used 10526K, capacity 11377K, committed 11392K, reserved 1048576K
}
Event: 227.887 GC heap before
{Heap before GC invocations=48 (full 0):
 garbage-first heap   total 131072K, used 105035K [0x0000000080000000, 0x0000000100000000)
  region size 1024K, 25 young (25600K), 1 survivors (1024K)
 Metaspace       used 83937K, capacity 86253K, committed 86396K, reserved 1124352K
  class space    used 10614K, capacity 11462K, committed 11520K, reserved 1048576K
}
Event: 227.893 GC heap after
{Heap after GC invocations=49 (full 0):
 garbage-first heap   total 131072K, used 81660K [0x0000000080000000, 0x0000000100000000)
  region size 1024K, 2 young (2048K), 2 survivors (2048K)
 Metaspace       used 83937K, capacity 86253K, committed 86396K, reserved 1124352K
  class space    used 10614K, capacity 11462K, committed 11520K, reserved 1048576K
}
Event: 228.621 GC heap before
{Heap before GC invocations=49 (full 0):
 garbage-first heap   total 131072K, used 85756K [0x0000000080000000, 0x0000000100000000)
  region size 1024K, 6 young (6144K), 2 survivors (2048K)
 Metaspace       used 84180K, capacity 86570K, committed 86652K, reserved 1124352K
  class space    used 10651K, capacity 11503K, committed 11520K, reserved 1048576K
}
Event: 228.626 GC heap after
{Heap after GC invocations=50 (full 0):
 garbage-first heap   total 131072K, used 81154K [0x0000000080000000, 0x0000000100000000)
  region size 1024K, 1 young (1024K), 1 survivors (1024K)
 Metaspace       used 84180K, capacity 86570K, committed 86652K, reserved 1124352K
  class space    used 10651K, capacity 11503K, committed 11520K, reserved 1048576K
}
Event: 232.856 GC heap before
{Heap before GC invocations=50 (full 0):
 garbage-first heap   total 131072K, used 106754K [0x0000000080000000, 0x0000000100000000)
  region size 1024K, 26 young (26624K), 1 survivors (1024K)
 Metaspace       used 85441K, capacity 87764K, committed 87804K, reserved 1126400K
  class space    used 10796K, capacity 11646K, committed 11648K, reserved 1048576K
}
Event: 232.881 GC heap after
{Heap after GC invocations=51 (full 0):
 garbage-first heap   total 131072K, used 84262K [0x0000000080000000, 0x0000000100000000)
  region size 1024K, 4 young (4096K), 4 survivors (4096K)
 Metaspace       used 85441K, capacity 87764K, committed 87804K, reserved 1126400K
  class space    used 10796K, capacity 11646K, committed 11648K, reserved 1048576K
}

