# JRE version: OpenJDK Runtime Environment (11.0.11+9) (build 11.0.11+9-b60-7590822)
# Java VM: OpenJDK 64-Bit Server VM (11.0.11+9-b60-7590822, mixed mode, tiered, compressed oops, g1 gc, windows-amd64)
Heap:
 garbage-first heap   total 131072K, used 93259K [0x0000000080000000, 0x0000000100000000)
  region size 1024K, 8 young (8192K), 3 survivors (3072K)
 Metaspace       used 82217K, capacity 84233K, committed 84688K, reserved 1122304K
  class space    used 10338K, capacity 11022K, committed 11136K, reserved 1048576K
GC Heap History (20 events):
Event: 37.002 GC heap before
{Heap before GC invocations=17 (full 0):
 garbage-first heap   total 131072K, used 99577K [0x0000000080000000, 0x0000000100000000)
  region size 1024K, 37 young (37888K), 4 survivors (4096K)
 Metaspace       used 69854K, capacity 71692K, committed 71888K, reserved 1112064K
  class space    used 8824K, capacity 9485K, committed 9600K, reserved 1048576K
}
Event: 37.016 GC heap after
{Heap after GC invocations=18 (full 0):
 garbage-first heap   total 131072K, used 68069K [0x0000000080000000, 0x0000000100000000)
  region size 1024K, 3 young (3072K), 3 survivors (3072K)
 Metaspace       used 69854K, capacity 71692K, committed 71888K, reserved 1112064K
  class space    used 8824K, capacity 9485K, committed 9600K, reserved 1048576K
}
Event: 37.417 GC heap before
{Heap before GC invocations=19 (full 0):
 garbage-first heap   total 131072K, used 74213K [0x0000000080000000, 0x0000000100000000)
  region size 1024K, 5 young (5120K), 3 survivors (3072K)
 Metaspace       used 70051K, capacity 71916K, committed 72144K, reserved 1112064K
  class space    used 8849K, capacity 9517K, committed 9600K, reserved 1048576K
}
Event: 37.427 GC heap after
{Heap after GC invocations=20 (full 0):
 garbage-first heap   total 131072K, used 74043K [0x0000000080000000, 0x0000000100000000)
  region size 1024K, 3 young (3072K), 3 survivors (3072K)
 Metaspace       used 70051K, capacity 71916K, committed 72144K, reserved 1112064K
  class space    used 8849K, capacity 9517K, committed 9600K, reserved 1048576K
}
Event: 39.981 GC heap before
{Heap before GC invocations=21 (full 0):
 garbage-first heap   total 131072K, used 110907K [0x0000000080000000, 0x0000000100000000)
  region size 1024K, 35 young (35840K), 3 survivors (3072K)
 Metaspace       used 72299K, capacity 74153K, committed 74448K, reserved 1114112K
  class space    used 9126K, capacity 9763K, committed 9856K, reserved 1048576K
}
Event: 39.992 GC heap after
{Heap after GC invocations=22 (full 0):
 garbage-first heap   total 131072K, used 82205K [0x0000000080000000, 0x0000000100000000)
  region size 1024K, 5 young (5120K), 5 survivors (5120K)
 Metaspace       used 72299K, capacity 74153K, committed 74448K, reserved 1114112K
  class space    used 9126K, capacity 9763K, committed 9856K, reserved 1048576K
}
Event: 40.303 GC heap before
{Heap before GC invocations=22 (full 0):
 garbage-first heap   total 131072K, used 85277K [0x0000000080000000, 0x0000000100000000)
  region size 1024K, 9 young (9216K), 5 survivors (5120K)
 Metaspace       used 72726K, capacity 74569K, committed 74704K, reserved 1114112K
  class space    used 9160K, capacity 9795K, committed 9856K, reserved 1048576K
}
Event: 40.310 GC heap after
{Heap after GC invocations=23 (full 0):
 garbage-first heap   total 131072K, used 83304K [0x0000000080000000, 0x0000000100000000)
  region size 1024K, 1 young (1024K), 1 survivors (1024K)
 Metaspace       used 72726K, capacity 74569K, committed 74704K, reserved 1114112K
  class space    used 9160K, capacity 9795K, committed 9856K, reserved 1048576K
}
Event: 41.354 GC heap before
{Heap before GC invocations=24 (full 0):
 garbage-first heap   total 131072K, used 101736K [0x0000000080000000, 0x0000000100000000)
  region size 1024K, 18 young (18432K), 1 survivors (1024K)
 Metaspace       used 74847K, capacity 76754K, committed 77008K, reserved 1116160K
  class space    used 9383K, capacity 10054K, committed 10112K, reserved 1048576K
}
Event: 41.359 GC heap after
{Heap after GC invocations=25 (full 0):
 garbage-first heap   total 131072K, used 82930K [0x0000000080000000, 0x0000000100000000)
  region size 1024K, 1 young (1024K), 1 survivors (1024K)
 Metaspace       used 74847K, capacity 76754K, committed 77008K, reserved 1116160K
  class space    used 9383K, capacity 10054K, committed 10112K, reserved 1048576K
}
Event: 41.991 GC heap before
{Heap before GC invocations=25 (full 0):
 garbage-first heap   total 131072K, used 102386K [0x0000000080000000, 0x0000000100000000)
  region size 1024K, 20 young (20480K), 1 survivors (1024K)
 Metaspace       used 77037K, capacity 78975K, committed 79056K, reserved 1118208K
  class space    used 9715K, capacity 10359K, committed 10368K, reserved 1048576K
}
Event: 41.999 GC heap after
{Heap after GC invocations=26 (full 0):
 garbage-first heap   total 131072K, used 83635K [0x0000000080000000, 0x0000000100000000)
  region size 1024K, 2 young (2048K), 2 survivors (2048K)
 Metaspace       used 77037K, capacity 78975K, committed 79056K, reserved 1118208K
  class space    used 9715K, capacity 10359K, committed 10368K, reserved 1048576K
}
Event: 43.119 GC heap before
{Heap before GC invocations=27 (full 0):
 garbage-first heap   total 131072K, used 104115K [0x0000000080000000, 0x0000000100000000)
  region size 1024K, 22 young (22528K), 2 survivors (2048K)
 Metaspace       used 79588K, capacity 81456K, committed 81744K, reserved 1120256K
  class space    used 10022K, capacity 10665K, committed 10752K, reserved 1048576K
}
Event: 43.126 GC heap after
{Heap after GC invocations=28 (full 0):
 garbage-first heap   total 131072K, used 84699K [0x0000000080000000, 0x0000000100000000)
  region size 1024K, 3 young (3072K), 3 survivors (3072K)
 Metaspace       used 79588K, capacity 81456K, committed 81744K, reserved 1120256K
  class space    used 10022K, capacity 10665K, committed 10752K, reserved 1048576K
}
Event: 44.645 GC heap before
{Heap before GC invocations=28 (full 0):
 garbage-first heap   total 131072K, used 104155K [0x0000000080000000, 0x0000000100000000)
  region size 1024K, 23 young (23552K), 3 survivors (3072K)
 Metaspace       used 80958K, capacity 83060K, committed 83280K, reserved 1122304K
  class space    used 10218K, capacity 10978K, committed 11008K, reserved 1048576K
}
Event: 44.657 GC heap after
{Heap after GC invocations=29 (full 0):
 garbage-first heap   total 131072K, used 86694K [0x0000000080000000, 0x0000000100000000)
  region size 1024K, 3 young (3072K), 3 survivors (3072K)
 Metaspace       used 80958K, capacity 83060K, committed 83280K, reserved 1122304K
  class space    used 10218K, capacity 10978K, committed 11008K, reserved 1048576K
}
Event: 45.665 GC heap before
{Heap before GC invocations=30 (full 0):
 garbage-first heap   total 131072K, used 106150K [0x0000000080000000, 0x0000000100000000)
  region size 1024K, 23 young (23552K), 3 survivors (3072K)
 Metaspace       used 81246K, capacity 83336K, committed 83536K, reserved 1122304K
  class space    used 10226K, capacity 10983K, committed 11008K, reserved 1048576K
}
Event: 45.677 GC heap after
{Heap after GC invocations=31 (full 0):
 garbage-first heap   total 131072K, used 88246K [0x0000000080000000, 0x0000000100000000)
  region size 1024K, 2 young (2048K), 2 survivors (2048K)
 Metaspace       used 81246K, capacity 83336K, committed 83536K, reserved 1122304K
  class space    used 10226K, capacity 10983K, committed 11008K, reserved 1048576K
}
Event: 46.699 GC heap before
{Heap before GC invocations=31 (full 0):
 garbage-first heap   total 131072K, used 106678K [0x0000000080000000, 0x0000000100000000)
  region size 1024K, 21 young (21504K), 2 survivors (2048K)
 Metaspace       used 81985K, capacity 84022K, committed 84176K, reserved 1122304K
  class space    used 10316K, capacity 11039K, committed 11136K, reserved 1048576K
}
Event: 46.706 GC heap after
{Heap after GC invocations=32 (full 0):
 garbage-first heap   total 131072K, used 89163K [0x0000000080000000, 0x0000000100000000)
  region size 1024K, 3 young (3072K), 3 survivors (3072K)
 Metaspace       used 81985K, capacity 84022K, committed 84176K, reserved 1122304K
  class space    used 10316K, capacity 11039K, committed 11136K, reserved 1048576K
}

