# JRE version: OpenJDK Runtime Environment (11.0.11+9) (build 11.0.11+9-b60-7590822)
# Java VM: OpenJDK 64-Bit Server VM (11.0.11+9-b60-7590822, mixed mode, tiered, compressed oops, g1 gc, windows-amd64)
Heap:
 garbage-first heap   total 131072K, used 96174K [0x0000000080000000, 0x0000000100000000)
  region size 1024K, 54 young (55296K), 5 survivors (5120K)
 Metaspace       used 48497K, capacity 50074K, committed 50304K, reserved 1093632K
  class space    used 6242K, capacity 6761K, committed 6784K, reserved 1048576K
GC Heap History (14 events):
Event: 1.151 GC heap before
{Heap before GC invocations=0 (full 0):
 garbage-first heap   total 131072K, used 19456K [0x0000000080000000, 0x0000000100000000)
  region size 1024K, 14 young (14336K), 0 survivors (0K)
 Metaspace       used 7571K, capacity 7729K, committed 7936K, reserved 1056768K
  class space    used 704K, capacity 749K, committed 768K, reserved 1048576K
}
Event: 1.158 GC heap after
{Heap after GC invocations=1 (full 0):
 garbage-first heap   total 131072K, used 7578K [0x0000000080000000, 0x0000000100000000)
  region size 1024K, 2 young (2048K), 2 survivors (2048K)
 Metaspace       used 7571K, capacity 7729K, committed 7936K, reserved 1056768K
  class space    used 704K, capacity 749K, committed 768K, reserved 1048576K
}
Event: 5.012 GC heap before
{Heap before GC invocations=1 (full 0):
 garbage-first heap   total 131072K, used 82330K [0x0000000080000000, 0x0000000100000000)
  region size 1024K, 76 young (77824K), 2 survivors (2048K)
 Metaspace       used 18001K, capacity 18433K, committed 18560K, reserved 1064960K
  class space    used 2172K, capacity 2340K, committed 2432K, reserved 1048576K
}
Event: 5.032 GC heap after
{Heap after GC invocations=2 (full 0):
 garbage-first heap   total 131072K, used 15103K [0x0000000080000000, 0x0000000100000000)
  region size 1024K, 10 young (10240K), 10 survivors (10240K)
 Metaspace       used 18001K, capacity 18433K, committed 18560K, reserved 1064960K
  class space    used 2172K, capacity 2340K, committed 2432K, reserved 1048576K
}
Event: 6.107 GC heap before
{Heap before GC invocations=2 (full 0):
 garbage-first heap   total 131072K, used 27391K [0x0000000080000000, 0x0000000100000000)
  region size 1024K, 23 young (23552K), 10 survivors (10240K)
 Metaspace       used 20685K, capacity 21107K, committed 21248K, reserved 1069056K
  class space    used 2430K, capacity 2553K, committed 2560K, reserved 1048576K
}
Event: 6.122 GC heap after
{Heap after GC invocations=3 (full 0):
 garbage-first heap   total 131072K, used 16178K [0x0000000080000000, 0x0000000100000000)
  region size 1024K, 1 young (1024K), 1 survivors (1024K)
 Metaspace       used 20685K, capacity 21107K, committed 21248K, reserved 1069056K
  class space    used 2430K, capacity 2553K, committed 2560K, reserved 1048576K
}
Event: 8.579 GC heap before
{Heap before GC invocations=4 (full 0):
 garbage-first heap   total 131072K, used 81714K [0x0000000080000000, 0x0000000100000000)
  region size 1024K, 57 young (58368K), 1 survivors (1024K)
 Metaspace       used 26558K, capacity 27234K, committed 27520K, reserved 1073152K
  class space    used 3389K, capacity 3616K, committed 3712K, reserved 1048576K
}
Event: 8.589 GC heap after
{Heap after GC invocations=5 (full 0):
 garbage-first heap   total 131072K, used 30946K [0x0000000080000000, 0x0000000100000000)
  region size 1024K, 7 young (7168K), 7 survivors (7168K)
 Metaspace       used 26558K, capacity 27234K, committed 27520K, reserved 1073152K
  class space    used 3389K, capacity 3616K, committed 3712K, reserved 1048576K
}
Event: 11.191 GC heap before
{Heap before GC invocations=5 (full 0):
 garbage-first heap   total 131072K, used 74978K [0x0000000080000000, 0x0000000100000000)
  region size 1024K, 51 young (52224K), 7 survivors (7168K)
 Metaspace       used 34685K, capacity 35514K, committed 35628K, reserved 1081344K
  class space    used 4438K, capacity 4718K, committed 4736K, reserved 1048576K
}
Event: 11.208 GC heap after
{Heap after GC invocations=6 (full 0):
 garbage-first heap   total 131072K, used 34346K [0x0000000080000000, 0x0000000100000000)
  region size 1024K, 3 young (3072K), 3 survivors (3072K)
 Metaspace       used 34685K, capacity 35514K, committed 35628K, reserved 1081344K
  class space    used 4438K, capacity 4718K, committed 4736K, reserved 1048576K
}
Event: 13.545 GC heap before
{Heap before GC invocations=7 (full 0):
 garbage-first heap   total 131072K, used 94762K [0x0000000080000000, 0x0000000100000000)
  region size 1024K, 60 young (61440K), 3 survivors (3072K)
 Metaspace       used 40641K, capacity 41728K, committed 41984K, reserved 1085440K
  class space    used 5133K, capacity 5519K, committed 5632K, reserved 1048576K
}
Event: 13.559 GC heap after
{Heap after GC invocations=8 (full 0):
 garbage-first heap   total 131072K, used 38750K [0x0000000080000000, 0x0000000100000000)
  region size 1024K, 8 young (8192K), 8 survivors (8192K)
 Metaspace       used 40641K, capacity 41728K, committed 41984K, reserved 1085440K
  class space    used 5133K, capacity 5519K, committed 5632K, reserved 1048576K
}
Event: 16.351 GC heap before
{Heap before GC invocations=8 (full 0):
 garbage-first heap   total 131072K, used 96094K [0x0000000080000000, 0x0000000100000000)
  region size 1024K, 64 young (65536K), 8 survivors (8192K)
 Metaspace       used 44339K, capacity 45600K, committed 45952K, reserved 1089536K
  class space    used 5721K, capacity 6150K, committed 6272K, reserved 1048576K
}
Event: 16.375 GC heap after
{Heap after GC invocations=9 (full 0):
 garbage-first heap   total 131072K, used 42926K [0x0000000080000000, 0x0000000100000000)
  region size 1024K, 5 young (5120K), 5 survivors (5120K)
 Metaspace       used 44339K, capacity 45600K, committed 45952K, reserved 1089536K
  class space    used 5721K, capacity 6150K, committed 6272K, reserved 1048576K
}

