# JRE version: OpenJDK Runtime Environment (11.0.11+9) (build 11.0.11+9-b60-7590822)
# Java VM: OpenJDK 64-Bit Server VM (11.0.11+9-b60-7590822, mixed mode, tiered, compressed oops, g1 gc, windows-amd64)
Heap:
 garbage-first heap   total 157696K, used 118570K [0x0000000080000000, 0x0000000100000000)
  region size 1024K, 39 young (39936K), 6 survivors (6144K)
 Metaspace       used 86487K, capacity 88844K, committed 89084K, reserved 1126400K
  class space    used 11152K, capacity 12039K, committed 12160K, reserved 1048576K
GC Heap History (20 events):
Event: 30.766 GC heap before
{Heap before GC invocations=14 (full 0):
 garbage-first heap   total 157696K, used 119012K [0x0000000080000000, 0x0000000100000000)
  region size 1024K, 66 young (67584K), 5 survivors (5120K)
 Metaspace       used 64857K, capacity 66586K, committed 66812K, reserved 1107968K
  class space    used 8348K, capacity 9007K, committed 9088K, reserved 1048576K
}
Event: 30.785 GC heap after
{Heap after GC invocations=15 (full 0):
 garbage-first heap   total 157696K, used 61663K [0x0000000080000000, 0x0000000100000000)
  region size 1024K, 5 young (5120K), 5 survivors (5120K)
 Metaspace       used 64857K, capacity 66586K, committed 66812K, reserved 1107968K
  class space    used 8348K, capacity 9007K, committed 9088K, reserved 1048576K
}
Event: 34.257 GC heap before
{Heap before GC invocations=15 (full 0):
 garbage-first heap   total 157696K, used 120031K [0x0000000080000000, 0x0000000100000000)
  region size 1024K, 63 young (64512K), 5 survivors (5120K)
 Metaspace       used 70747K, capacity 72627K, committed 72828K, reserved 1112064K
  class space    used 9235K, capacity 9947K, committed 9984K, reserved 1048576K
}
Event: 34.279 GC heap after
{Heap after GC invocations=16 (full 0):
 garbage-first heap   total 157696K, used 66742K [0x0000000080000000, 0x0000000100000000)
  region size 1024K, 5 young (5120K), 5 survivors (5120K)
 Metaspace       used 70747K, capacity 72627K, committed 72828K, reserved 1112064K
  class space    used 9235K, capacity 9947K, committed 9984K, reserved 1048576K
}
Event: 38.695 GC heap before
{Heap before GC invocations=16 (full 0):
 garbage-first heap   total 157696K, used 123062K [0x0000000080000000, 0x0000000100000000)
  region size 1024K, 60 young (61440K), 5 survivors (5120K)
 Metaspace       used 71935K, capacity 73902K, committed 73980K, reserved 1114112K
  class space    used 9322K, capacity 10076K, committed 10112K, reserved 1048576K
}
Event: 38.713 GC heap after
{Heap after GC invocations=17 (full 0):
 garbage-first heap   total 157696K, used 70573K [0x0000000080000000, 0x0000000100000000)
  region size 1024K, 4 young (4096K), 4 survivors (4096K)
 Metaspace       used 71935K, capacity 73902K, committed 73980K, reserved 1114112K
  class space    used 9322K, capacity 10076K, committed 10112K, reserved 1048576K
}
Event: 44.478 GC heap before
{Heap before GC invocations=17 (full 0):
 garbage-first heap   total 157696K, used 124845K [0x0000000080000000, 0x0000000100000000)
  region size 1024K, 58 young (59392K), 4 survivors (4096K)
 Metaspace       used 77997K, capacity 80130K, committed 80252K, reserved 1118208K
  class space    used 10148K, capacity 10951K, committed 11008K, reserved 1048576K
}
Event: 44.492 GC heap after
{Heap after GC invocations=18 (full 0):
 garbage-first heap   total 157696K, used 73415K [0x0000000080000000, 0x0000000100000000)
  region size 1024K, 7 young (7168K), 7 survivors (7168K)
 Metaspace       used 77997K, capacity 80130K, committed 80252K, reserved 1118208K
  class space    used 10148K, capacity 10951K, committed 11008K, reserved 1048576K
}
Event: 57.577 GC heap before
{Heap before GC invocations=18 (full 0):
 garbage-first heap   total 157696K, used 127687K [0x0000000080000000, 0x0000000100000000)
  region size 1024K, 59 young (60416K), 7 survivors (7168K)
 Metaspace       used 81566K, capacity 83696K, committed 83964K, reserved 1122304K
  class space    used 10486K, capacity 11303K, committed 11392K, reserved 1048576K
}
Event: 57.594 GC heap after
{Heap after GC invocations=19 (full 0):
 garbage-first heap   total 157696K, used 78345K [0x0000000080000000, 0x0000000100000000)
  region size 1024K, 6 young (6144K), 6 survivors (6144K)
 Metaspace       used 81566K, capacity 83696K, committed 83964K, reserved 1122304K
  class space    used 10486K, capacity 11303K, committed 11392K, reserved 1048576K
}
Event: 62.238 GC heap before
{Heap before GC invocations=19 (full 0):
 garbage-first heap   total 157696K, used 125449K [0x0000000080000000, 0x0000000100000000)
  region size 1024K, 54 young (55296K), 6 survivors (6144K)
 Metaspace       used 83897K, capacity 86264K, committed 86524K, reserved 1124352K
  class space    used 10791K, capacity 11634K, committed 11648K, reserved 1048576K
}
Event: 62.261 GC heap after
{Heap after GC invocations=20 (full 0):
 garbage-first heap   total 157696K, used 78985K [0x0000000080000000, 0x0000000100000000)
  region size 1024K, 6 young (6144K), 6 survivors (6144K)
 Metaspace       used 83897K, capacity 86264K, committed 86524K, reserved 1124352K
  class space    used 10791K, capacity 11634K, committed 11648K, reserved 1048576K
}
Event: 63.062 GC heap before
{Heap before GC invocations=21 (full 0):
 garbage-first heap   total 157696K, used 131209K [0x0000000080000000, 0x0000000100000000)
  region size 1024K, 54 young (55296K), 6 survivors (6144K)
 Metaspace       used 84091K, capacity 86396K, committed 86652K, reserved 1124352K
  class space    used 10791K, capacity 11636K, committed 11776K, reserved 1048576K
}
Event: 63.079 GC heap after
{Heap after GC invocations=22 (full 0):
 garbage-first heap   total 157696K, used 80434K [0x0000000080000000, 0x0000000100000000)
  region size 1024K, 5 young (5120K), 5 survivors (5120K)
 Metaspace       used 84091K, capacity 86396K, committed 86652K, reserved 1124352K
  class space    used 10791K, capacity 11636K, committed 11776K, reserved 1048576K
}
Event: 64.212 GC heap before
{Heap before GC invocations=22 (full 0):
 garbage-first heap   total 157696K, used 128562K [0x0000000080000000, 0x0000000100000000)
  region size 1024K, 53 young (54272K), 5 survivors (5120K)
 Metaspace       used 84092K, capacity 86396K, committed 86652K, reserved 1124352K
  class space    used 10792K, capacity 11636K, committed 11776K, reserved 1048576K
}
Event: 64.224 GC heap after
{Heap after GC invocations=23 (full 0):
 garbage-first heap   total 157696K, used 81743K [0x0000000080000000, 0x0000000100000000)
  region size 1024K, 3 young (3072K), 3 survivors (3072K)
 Metaspace       used 84092K, capacity 86396K, committed 86652K, reserved 1124352K
  class space    used 10792K, capacity 11636K, committed 11776K, reserved 1048576K
}
Event: 64.879 GC heap before
{Heap before GC invocations=24 (full 0):
 garbage-first heap   total 157696K, used 121679K [0x0000000080000000, 0x0000000100000000)
  region size 1024K, 44 young (45056K), 3 survivors (3072K)
 Metaspace       used 84098K, capacity 86390K, committed 86652K, reserved 1124352K
  class space    used 10791K, capacity 11634K, committed 11776K, reserved 1048576K
}
Event: 64.886 GC heap after
{Heap after GC invocations=25 (full 0):
 garbage-first heap   total 157696K, used 82701K [0x0000000080000000, 0x0000000100000000)
  region size 1024K, 4 young (4096K), 4 survivors (4096K)
 Metaspace       used 84098K, capacity 86390K, committed 86652K, reserved 1124352K
  class space    used 10791K, capacity 11634K, committed 11776K, reserved 1048576K
}
Event: 65.424 GC heap before
{Heap before GC invocations=26 (full 0):
 garbage-first heap   total 157696K, used 118541K [0x0000000080000000, 0x0000000100000000)
  region size 1024K, 37 young (37888K), 4 survivors (4096K)
 Metaspace       used 84130K, capacity 86401K, committed 86652K, reserved 1124352K
  class space    used 10803K, capacity 11637K, committed 11776K, reserved 1048576K
}
Event: 65.439 GC heap after
{Heap after GC invocations=27 (full 0):
 garbage-first heap   total 157696K, used 84778K [0x0000000080000000, 0x0000000100000000)
  region size 1024K, 6 young (6144K), 6 survivors (6144K)
 Metaspace       used 84130K, capacity 86401K, committed 86652K, reserved 1124352K
  class space    used 10803K, capacity 11637K, committed 11776K, reserved 1048576K
}

